<?xml version="1.0" encoding="UTF-8"?>
<testng-results skipped="0" failed="0" total="1" passed="1">
  <reporter-output>
  </reporter-output>
  <suite name="Suite" duration-ms="74358" started-at="2020-12-27T07:03:06Z" finished-at="2020-12-27T07:04:20Z">
    <groups>
      <group name="cucumber">
        <method signature="AbstractTestNGCucumberTests.feature(cucumber.api.testng.CucumberFeatureWrapper)[pri:0, instance:cucumberOptions.TestRunner@55b0dcab]" name="feature" class="cucumber.api.testng.AbstractTestNGCucumberTests"/>
      </group> <!-- cucumber -->
    </groups>
    <test name="validating user log in" duration-ms="74358" started-at="2020-12-27T07:03:06Z" finished-at="2020-12-27T07:04:20Z">
      <class name="cucumberOptions.TestRunner">
        <test-method status="PASS" signature="setUpClass()[pri:0, instance:cucumberOptions.TestRunner@55b0dcab]" name="setUpClass" is-config="true" duration-ms="220" started-at="2020-12-27T12:33:06Z" finished-at="2020-12-27T12:33:06Z">
          <reporter-output>
          </reporter-output>
        </test-method> <!-- setUpClass -->
        <test-method status="PASS" signature="feature(cucumber.api.testng.CucumberFeatureWrapper)[pri:0, instance:cucumberOptions.TestRunner@55b0dcab]" name="feature" duration-ms="74031" started-at="2020-12-27T12:33:06Z" description="Runs Cucumber Feature" data-provider="features" finished-at="2020-12-27T12:34:20Z">
          <params>
            <param index="0">
              <value>
                <![CDATA[Login into Application]]>
              </value>
            </param>
          </params>
          <reporter-output>
          </reporter-output>
        </test-method> <!-- feature -->
        <test-method status="PASS" signature="tearDownClass()[pri:0, instance:cucumberOptions.TestRunner@55b0dcab]" name="tearDownClass" is-config="true" duration-ms="5" started-at="2020-12-27T12:34:20Z" finished-at="2020-12-27T12:34:20Z">
          <reporter-output>
          </reporter-output>
        </test-method> <!-- tearDownClass -->
      </class> <!-- cucumberOptions.TestRunner -->
    </test> <!-- validating user log in -->
  </suite> <!-- Suite -->
</testng-results>
