<?xml version="1.0" encoding="UTF-8"?>
<testng-results skipped="0" failed="0" total="1" passed="1">
  <reporter-output>
  </reporter-output>
  <suite name="Default suite" duration-ms="108908" started-at="2020-12-26T15:07:58Z" finished-at="2020-12-26T15:09:47Z">
    <groups>
      <group name="cucumber">
        <method signature="AbstractTestNGCucumberTests.feature(cucumber.api.testng.CucumberFeatureWrapper)[pri:0, instance:cucumberOptions.TestRunner@51e5fc98]" name="feature" class="cucumber.api.testng.AbstractTestNGCucumberTests"/>
      </group> <!-- cucumber -->
    </groups>
    <test name="Default test" duration-ms="108908" started-at="2020-12-26T15:07:58Z" finished-at="2020-12-26T15:09:47Z">
      <class name="cucumberOptions.TestRunner">
        <test-method status="PASS" signature="setUpClass()[pri:0, instance:cucumberOptions.TestRunner@51e5fc98]" name="setUpClass" is-config="true" duration-ms="176" started-at="2020-12-26T20:37:58Z" finished-at="2020-12-26T20:37:58Z">
          <reporter-output>
          </reporter-output>
        </test-method> <!-- setUpClass -->
        <test-method status="PASS" signature="feature(cucumber.api.testng.CucumberFeatureWrapper)[pri:0, instance:cucumberOptions.TestRunner@51e5fc98]" name="feature" duration-ms="108685" started-at="2020-12-26T20:37:58Z" description="Runs Cucumber Feature" data-provider="features" finished-at="2020-12-26T20:39:47Z">
          <params>
            <param index="0">
              <value>
                <![CDATA[Login into Application]]>
              </value>
            </param>
          </params>
          <reporter-output>
          </reporter-output>
        </test-method> <!-- feature -->
        <test-method status="PASS" signature="tearDownClass()[pri:0, instance:cucumberOptions.TestRunner@51e5fc98]" name="tearDownClass" is-config="true" duration-ms="0" started-at="2020-12-26T20:39:47Z" finished-at="2020-12-26T20:39:47Z">
          <reporter-output>
          </reporter-output>
        </test-method> <!-- tearDownClass -->
      </class> <!-- cucumberOptions.TestRunner -->
    </test> <!-- Default test -->
  </suite> <!-- Default suite -->
</testng-results>
